2025-10-07 16:19:02 [main] INFO  parcial3.App - saludo
2025-10-07 16:19:02 [main] INFO  parcial3.App - fin del saludo
2025-10-07 16:19:30 [main] INFO  parcial3.App - saludo
2025-10-07 16:19:30 [main] INFO  parcial3.App - fin del saludo
2025-10-07 18:03:54 [main] INFO  parcial3.App - Cargando pacientes desde archivo JSON...
2025-10-07 18:03:54 [main] ERROR parcial3.App - Error al cargar el archivo JSON: C:\Users\diazm\OneDrive\Escritorio\Parcial3\Parcial3\app\src\main\resources\pacientes.json
2025-10-07 18:05:28 [main] INFO  parcial3.App - Cargando pacientes desde archivo JSON...
2025-10-07 18:05:29 [main] INFO  parcial3.App - Iniciando simulación de atención...
2025-10-07 18:12:18 [main] INFO  parcial3.App - Cargando pacientes desde archivo JSON...
2025-10-07 18:12:18 [main] INFO  parcial3.App - Iniciando simulación de atención...
2025-10-07 18:17:08 [main] INFO  parcial3.App - Cargando pacientes desde archivo JSON...
2025-10-07 18:17:08 [main] INFO  parcial3.Service.CargadorPacientes - Leyendo el archivo de pacientes: C:\Users\david\Documents\GitHub\Parcial3\Parcial3\app\src\main\resources\pacientes.json
2025-10-07 18:17:08 [main] INFO  parcial3.Service.CargadorPacientes - Archivo de pacientes leído exitosamente.
2025-10-07 18:17:08 [main] INFO  parcial3.App - Iniciando simulación de atención...
2025-10-07 18:25:19 [main] INFO  parcial3.App - Cargando pacientes desde archivo JSON...
2025-10-07 18:25:19 [main] INFO  parcial3.Service.CargadorPacientes - Leyendo el archivo de pacientes: C:\Users\david\Documents\GitHub\Parcial3\Parcial3\app\src\main\resources\pacientes.json
2025-10-07 18:25:19 [main] INFO  parcial3.Service.CargadorPacientes - Archivo de pacientes leído exitosamente.
2025-10-07 18:25:19 [main] INFO  parcial3.App - Iniciando simulación de atención...
2025-10-07 18:25:26 [main] INFO  parcial3.App - Cargando pacientes desde archivo JSON...
2025-10-07 18:25:26 [main] INFO  parcial3.Service.CargadorPacientes - Leyendo el archivo de pacientes: C:\Users\david\Documents\GitHub\Parcial3\Parcial3\app\src\main\resources\pacientes.json
2025-10-07 18:25:26 [main] INFO  parcial3.Service.CargadorPacientes - Archivo de pacientes leído exitosamente.
2025-10-07 18:25:26 [main] INFO  parcial3.App - Iniciando simulación de atención...
2025-10-07 18:48:27 [main] INFO  parcial3.App - Cargando pacientes desde archivo JSON...
2025-10-07 18:48:27 [main] INFO  parcial3.Service.LectorPacientes - Leyendo el archivo de pacientes: C:\Users\david\Documents\GitHub\Parcial3\Parcial3\app\src\main\resources\pacientes.json
2025-10-07 18:48:27 [main] INFO  parcial3.Service.LectorPacientes - Archivo de pacientes leído exitosamente.
2025-10-07 18:48:27 [main] INFO  parcial3.App - Iniciando simulación de atención...
2025-10-07 18:48:36 [main] INFO  parcial3.App - Cargando pacientes desde archivo JSON...
2025-10-07 18:48:36 [main] INFO  parcial3.Service.LectorPacientes - Leyendo el archivo de pacientes: C:\Users\david\Documents\GitHub\Parcial3\Parcial3\app\src\main\resources\pacientes.json
2025-10-07 18:48:36 [main] INFO  parcial3.Service.LectorPacientes - Archivo de pacientes leído exitosamente.
2025-10-07 18:48:36 [main] INFO  parcial3.App - Iniciando simulación de atención...
